$completionDateTime
[1] "2017-02-22 22:49:56 PST"

$executionTime
Time difference of 24.80439 secs

$sessionInfo
R version 3.3.2 (2016-10-31)
Platform: x86_64-w64-mingw32/x64 (64-bit)
Running under: Windows 10 x64 (build 14393)

locale:
[1] LC_COLLATE=English_United States.1252 
[2] LC_CTYPE=English_United States.1252   
[3] LC_MONETARY=English_United States.1252
[4] LC_NUMERIC=C                          
[5] LC_TIME=English_United States.1252    

attached base packages:
[1] stats     graphics  grDevices utils     datasets  base     

other attached packages:
 [1] gdtools_0.1.3     Directional_2.4   ggplot2_2.2.1     broom_0.4.1      
 [5] reshape2_1.4.2    dplyr_0.5.0       magrittr_1.5      readxl_0.1.1     
 [9] rmarkdown_1.3     knitr_1.15.1      checkpoint_0.3.18

loaded via a namespace (and not attached):
 [1] Rcpp_0.12.8        RColorBrewer_1.1-2 highr_0.6          plyr_1.8.4        
 [5] iterators_1.0.8    methods_3.3.2      tools_3.3.2        digest_0.6.10     
 [9] evaluate_0.10      tibble_1.2         nlme_3.1-131       gtable_0.2.0      
[13] lattice_0.20-34    psych_1.6.12       foreach_1.4.3      DBI_0.5-1         
[17] parallel_3.3.2     stringr_1.1.0      RcppZiggurat_0.1.3 rprojroot_1.1     
[21] grid_3.3.2         Rfast_1.7.3        svglite_1.2.0      R6_2.2.0          
[25] foreign_0.8-67     tidyr_0.6.1        codetools_0.2-15   backports_1.0.4   
[29] scales_0.4.1       htmltools_0.3.5    MASS_7.3-45        assertthat_0.1    
[33] mnormt_1.5-5       colorspace_1.3-2   labeling_0.3       stringi_1.1.2     
[37] lazyeval_0.2.0     munsell_0.4.3      doParallel_1.0.10 

